<?xml version="1.0" encoding="UTF-8"?>
<!-- Generated by org.testng.reporters.JUnitReportReporter -->
<testsuite skipped="0" hostname="asda1710po02529" name="login_Macmillan_test.Login_Instructor_test" tests="1" failures="0" timestamp="31 Jul 2017 09:13:25 GMT" time="151.918" errors="0">
  <testcase name="test_createCourse" time="151.918" classname="login_Macmillan_test.Login_Instructor_test"/>
</testsuite> <!-- login_Macmillan_test.Login_Instructor_test -->
