<?xml version="1.0" encoding="UTF-8"?>
<!-- Generated by org.testng.reporters.JUnitReportReporter -->
<testsuite skipped="0" hostname="asda1710po02529" name="com.qait.QPv2.tests.LoginTestInstructor" tests="1" failures="0" timestamp="11 Aug 2017 06:07:56 GMT" time="59.210" errors="0">
  <testcase name="enter_course" time="59.210" classname="com.qait.QPv2.tests.LoginTestInstructor"/>
</testsuite> <!-- com.qait.QPv2.tests.LoginTestInstructor -->
