<?xml version="1.0" encoding="UTF-8"?>
<!-- Generated by org.testng.reporters.JUnitReportReporter -->
<testsuite skipped="0" hostname="asda1710po02529" name="com.qait.QPv2.tests.LoginTestStudent" tests="1" failures="0" timestamp="08 Aug 2017 08:49:36 GMT" time="57.116" errors="0">
  <testcase name="gradebook_check_Test" time="57.116" classname="com.qait.QPv2.tests.LoginTestStudent"/>
</testsuite> <!-- com.qait.QPv2.tests.LoginTestStudent -->
